<?xml version="1.0" encoding="utf-8"?><testsuites name="pytest tests"><testsuite name="pytest" errors="0" failures="0" skipped="0" tests="9" time="2.857" timestamp="2026-07-30T11:08:35.627438+00:00" hostname="agent-env-73fcb9f7-1a28-4381-ae7d-19f0a95b5e1d"><testcase classname="tests.test_excelintel_api" name="test_root" time="0.236" /><testcase classname="tests.test_excelintel_api" name="test_samples" time="0.391" /><testcase classname="tests.test_excelintel_api" name="test_summary" time="0.556" /><testcase classname="tests.test_excelintel_api" name="test_duplicates" time="0.212" /><testcase classname="tests.test_excelintel_api" name="test_duplicates_threshold" time="0.228" /><testcase classname="tests.test_excelintel_api" name="test_relationships" time="0.185" /><testcase classname="tests.test_excelintel_api" name="test_screenshot" time="0.133" /><testcase classname="tests.test_excelintel_api" name="test_screenshot_404" time="0.104" /><testcase classname="tests.test_excelintel_api" name="test_dataset" time="0.170" /></testsuite></testsuites>